CyberWalk_Android/UnityProject/unityLibrary/build/outputs/logs/manifest-merger-debug-report.txt
-- Merging decision tree log ---
manifest
ADDED from src\main\AndroidManifest.xml:3:1-31:12
INJECTED from src\main\AndroidManifest.xml:3:1-31:12
INJECTED from src\main\AndroidManifest.xml:3:1-31:12
INJECTED from src\main\AndroidManifest.xml:3:1-31:12
INJECTED from src\main\AndroidManifest.xml:3:1-31:12
INJECTED from src\main\AndroidManifest.xml:3:1-31:12
INJECTED from src\main\AndroidManifest.xml:3:1-31:12
	package
		ADDED from src\main\AndroidManifest.xml:3:70-98
		INJECTED from src\main\AndroidManifest.xml
		INJECTED from src\main\AndroidManifest.xml
	android:versionName
		INJECTED from src\main\AndroidManifest.xml
		ADDED from src\main\AndroidManifest.xml:3:1-31:12
		INJECTED from src\main\AndroidManifest.xml
	xmlns:tools
		ADDED from src\main\AndroidManifest.xml:3:99-145
	android:versionCode
		INJECTED from src\main\AndroidManifest.xml
		ADDED from src\main\AndroidManifest.xml:3:1-31:12
		INJECTED from src\main\AndroidManifest.xml
	xmlns:android
		ADDED from src\main\AndroidManifest.xml:3:11-69
application
ADDED from src\main\AndroidManifest.xml:4:3-20:17
	android:isGame
		ADDED from src\main\AndroidManifest.xml:4:16-37
activity#com.unity3d.player.UnityPlayerActivity
ADDED from src\main\AndroidManifest.xml:5:5-13:16
	android:screenOrientation
		ADDED from src\main\AndroidManifest.xml:5:111-147
	android:launchMode
		ADDED from src\main\AndroidManifest.xml:5:148-179
	android:hardwareAccelerated
		ADDED from src\main\AndroidManifest.xml:5:362-397
	android:configChanges
		ADDED from src\main\AndroidManifest.xml:5:180-361
	android:theme
		ADDED from src\main\AndroidManifest.xml:5:69-110
	android:name
		ADDED from src\main\AndroidManifest.xml:5:15-68
intent-filter#action:name:android.intent.action.MAIN+category:name:android.intent.category.LAUNCHER+category:name:android.intent.category.LEANBACK_LAUNCHER
ADDED from src\main\AndroidManifest.xml:6:7-10:23
action#android.intent.action.MAIN
ADDED from src\main\AndroidManifest.xml:7:9-61
	android:name
		ADDED from src\main\AndroidManifest.xml:7:17-58
category#android.intent.category.LAUNCHER
ADDED from src\main\AndroidManifest.xml:8:9-69
	android:name
		ADDED from src\main\AndroidManifest.xml:8:19-66
category#android.intent.category.LEANBACK_LAUNCHER
ADDED from src\main\AndroidManifest.xml:9:9-78
	android:name
		ADDED from src\main\AndroidManifest.xml:9:19-75
meta-data#unityplayer.UnityActivity
ADDED from src\main\AndroidManifest.xml:11:7-82
	android:value
		ADDED from src\main\AndroidManifest.xml:11:59-79
	android:name
		ADDED from src\main\AndroidManifest.xml:11:18-58
meta-data#android.notch_support
ADDED from src\main\AndroidManifest.xml:12:7-78
	android:value
		ADDED from src\main\AndroidManifest.xml:12:55-75
	android:name
		ADDED from src\main\AndroidManifest.xml:12:18-54
meta-data#unity.tango-enable
ADDED from src\main\AndroidManifest.xml:14:5-73
	android:value
		ADDED from src\main\AndroidManifest.xml:14:50-70
	android:name
		ADDED from src\main\AndroidManifest.xml:14:16-49
meta-data#unityplayer.SkipPermissionsDialog
ADDED from src\main\AndroidManifest.xml:15:5-88
	android:value
		ADDED from src\main\AndroidManifest.xml:15:65-85
	android:name
		ADDED from src\main\AndroidManifest.xml:15:16-64
meta-data#unity.splash-mode
ADDED from src\main\AndroidManifest.xml:16:5-69
	android:value
		ADDED from src\main\AndroidManifest.xml:16:49-66
	android:name
		ADDED from src\main\AndroidManifest.xml:16:16-48
meta-data#unity.splash-enable
ADDED from src\main\AndroidManifest.xml:17:5-74
	android:value
		ADDED from src\main\AndroidManifest.xml:17:51-71
	android:name
		ADDED from src\main\AndroidManifest.xml:17:16-50
meta-data#notch.config
ADDED from src\main\AndroidManifest.xml:18:5-81
	android:value
		ADDED from src\main\AndroidManifest.xml:18:44-78
	android:name
		ADDED from src\main\AndroidManifest.xml:18:16-43
meta-data#unity.build-id
ADDED from src\main\AndroidManifest.xml:19:5-101
	android:value
		ADDED from src\main\AndroidManifest.xml:19:46-98
	android:name
		ADDED from src\main\AndroidManifest.xml:19:16-45
uses-feature#0x00020000
ADDED from src\main\AndroidManifest.xml:21:3-52
	android:glEsVersion
		ADDED from src\main\AndroidManifest.xml:21:17-49
uses-permission#android.permission.CAMERA
ADDED from src\main\AndroidManifest.xml:22:3-63
	android:name
		ADDED from src\main\AndroidManifest.xml:22:20-60
uses-permission#android.permission.INTERNET
ADDED from src\main\AndroidManifest.xml:23:3-65
	android:name
		ADDED from src\main\AndroidManifest.xml:23:20-62
uses-permission#android.permission.CHANGE_WIFI_MULTICAST_STATE
ADDED from src\main\AndroidManifest.xml:24:3-84
	android:name
		ADDED from src\main\AndroidManifest.xml:24:20-81
uses-feature#android.hardware.camera
ADDED from src\main\AndroidManifest.xml:25:3-83
	android:required
		ADDED from src\main\AndroidManifest.xml:25:56-80
	android:name
		ADDED from src\main\AndroidManifest.xml:25:17-55
uses-feature#android.hardware.camera.autofocus
ADDED from src\main\AndroidManifest.xml:26:3-93
	android:required
		ADDED from src\main\AndroidManifest.xml:26:66-90
	android:name
		ADDED from src\main\AndroidManifest.xml:26:17-65
uses-feature#android.hardware.camera.front
ADDED from src\main\AndroidManifest.xml:27:3-89
	android:required
		ADDED from src\main\AndroidManifest.xml:27:62-86
	android:name
		ADDED from src\main\AndroidManifest.xml:27:17-61
uses-feature#android.hardware.touchscreen
ADDED from src\main\AndroidManifest.xml:28:3-88
	android:required
		ADDED from src\main\AndroidManifest.xml:28:61-85
	android:name
		ADDED from src\main\AndroidManifest.xml:28:17-60
uses-feature#android.hardware.touchscreen.multitouch
ADDED from src\main\AndroidManifest.xml:29:3-99
	android:required
		ADDED from src\main\AndroidManifest.xml:29:72-96
	android:name
		ADDED from src\main\AndroidManifest.xml:29:17-71
uses-feature#android.hardware.touchscreen.multitouch.distinct
ADDED from src\main\AndroidManifest.xml:30:3-108
	android:required
		ADDED from src\main\AndroidManifest.xml:30:81-105
	android:name
		ADDED from src\main\AndroidManifest.xml:30:17-80
uses-sdk
INJECTED from src\main\AndroidManifest.xml reason: use-sdk injection requested
INJECTED from src\main\AndroidManifest.xml
INJECTED from src\main\AndroidManifest.xml
INJECTED from src\main\AndroidManifest.xml
INJECTED from src\main\AndroidManifest.xml
	android:targetSdkVersion
		INJECTED from src\main\AndroidManifest.xml
		ADDED from src\main\AndroidManifest.xml
		INJECTED from src\main\AndroidManifest.xml
	android:minSdkVersion
		INJECTED from src\main\AndroidManifest.xml
		ADDED from src\main\AndroidManifest.xml
		INJECTED from src\main\AndroidManifest.xml